[2018-10-11 06:51:26] local.ERROR: file_put_contents(/home/laravel/blog/storage/framework/sessions/HvJa6R20E5w9XIyz1dASebvoIsQekoAfqMU09rEX): failed to open stream: Permission denied {"exception":"[object] (ErrorException(code: 0): file_put_contents(/home/laravel/blog/storage/framework/sessions/HvJa6R20E5w9XIyz1dASebvoIsQekoAfqMU09rEX): failed to open stream: Permission denied at /home/laravel/blog/vendor/laravel/framework/src/Illuminate/Filesystem/Filesystem.php:122)
[stacktrace]
#0 [internal function]: Illuminate\\Foundation\\Bootstrap\\HandleExceptions->handleError(2, 'file_put_conten...', '/home/laravel/b...', 122, Array)
#1 /home/laravel/blog/vendor/laravel/framework/src/Illuminate/Filesystem/Filesystem.php(122): file_put_contents('/home/laravel/b...', 'a:3:{s:6:\"_toke...', 2)
#2 /home/laravel/blog/vendor/laravel/framework/src/Illuminate/Session/FileSessionHandler.php(83): Illuminate\\Filesystem\\Filesystem->put('/home/laravel/b...', 'a:3:{s:6:\"_toke...', true)
#3 /home/laravel/blog/vendor/laravel/framework/src/Illuminate/Session/Store.php(129): Illuminate\\Session\\FileSessionHandler->write('HvJa6R20E5w9XIy...', 'a:3:{s:6:\"_toke...')
#4 /home/laravel/blog/vendor/laravel/framework/src/Illuminate/Session/Middleware/StartSession.php(87): Illuminate\\Session\\Store->save()
#5 /home/laravel/blog/vendor/laravel/framework/src/Illuminate/Foundation/Http/Kernel.php(218): Illuminate\\Session\\Middleware\\StartSession->terminate(Object(Illuminate\\Http\\Request), Object(Illuminate\\Http\\Response))
#6 /home/laravel/blog/vendor/laravel/framework/src/Illuminate/Foundation/Http/Kernel.php(189): Illuminate\\Foundation\\Http\\Kernel->terminateMiddleware(Object(Illuminate\\Http\\Request), Object(Illuminate\\Http\\Response))
#7 /home/laravel/blog/public/index.php(60): Illuminate\\Foundation\\Http\\Kernel->terminate(Object(Illuminate\\Http\\Request), Object(Illuminate\\Http\\Response))
#8 {main}
"} 
[2018-10-11 06:53:34] local.ERROR: file_put_contents(/home/laravel/blog/storage/framework/sessions/HvJa6R20E5w9XIyz1dASebvoIsQekoAfqMU09rEX): failed to open stream: Permission denied {"exception":"[object] (ErrorException(code: 0): file_put_contents(/home/laravel/blog/storage/framework/sessions/HvJa6R20E5w9XIyz1dASebvoIsQekoAfqMU09rEX): failed to open stream: Permission denied at /home/laravel/blog/vendor/laravel/framework/src/Illuminate/Filesystem/Filesystem.php:122)
[stacktrace]
#0 [internal function]: Illuminate\\Foundation\\Bootstrap\\HandleExceptions->handleError(2, 'file_put_conten...', '/home/laravel/b...', 122, Array)
#1 /home/laravel/blog/vendor/laravel/framework/src/Illuminate/Filesystem/Filesystem.php(122): file_put_contents('/home/laravel/b...', 'a:3:{s:6:\"_toke...', 2)
#2 /home/laravel/blog/vendor/laravel/framework/src/Illuminate/Session/FileSessionHandler.php(83): Illuminate\\Filesystem\\Filesystem->put('/home/laravel/b...', 'a:3:{s:6:\"_toke...', true)
#3 /home/laravel/blog/vendor/laravel/framework/src/Illuminate/Session/Store.php(129): Illuminate\\Session\\FileSessionHandler->write('HvJa6R20E5w9XIy...', 'a:3:{s:6:\"_toke...')
#4 /home/laravel/blog/vendor/laravel/framework/src/Illuminate/Session/Middleware/StartSession.php(87): Illuminate\\Session\\Store->save()
#5 /home/laravel/blog/vendor/laravel/framework/src/Illuminate/Foundation/Http/Kernel.php(218): Illuminate\\Session\\Middleware\\StartSession->terminate(Object(Illuminate\\Http\\Request), Object(Illuminate\\Http\\Response))
#6 /home/laravel/blog/vendor/laravel/framework/src/Illuminate/Foundation/Http/Kernel.php(189): Illuminate\\Foundation\\Http\\Kernel->terminateMiddleware(Object(Illuminate\\Http\\Request), Object(Illuminate\\Http\\Response))
#7 /home/laravel/blog/public/index.php(60): Illuminate\\Foundation\\Http\\Kernel->terminate(Object(Illuminate\\Http\\Request), Object(Illuminate\\Http\\Response))
#8 {main}
"} 
[2018-10-11 06:56:05] local.ERROR: file_put_contents(/home/laravel/blog/storage/framework/sessions/HvJa6R20E5w9XIyz1dASebvoIsQekoAfqMU09rEX): failed to open stream: Permission denied {"exception":"[object] (ErrorException(code: 0): file_put_contents(/home/laravel/blog/storage/framework/sessions/HvJa6R20E5w9XIyz1dASebvoIsQekoAfqMU09rEX): failed to open stream: Permission denied at /home/laravel/blog/vendor/laravel/framework/src/Illuminate/Filesystem/Filesystem.php:122)
[stacktrace]
#0 [internal function]: Illuminate\\Foundation\\Bootstrap\\HandleExceptions->handleError(2, 'file_put_conten...', '/home/laravel/b...', 122, Array)
#1 /home/laravel/blog/vendor/laravel/framework/src/Illuminate/Filesystem/Filesystem.php(122): file_put_contents('/home/laravel/b...', 'a:3:{s:6:\"_toke...', 2)
#2 /home/laravel/blog/vendor/laravel/framework/src/Illuminate/Session/FileSessionHandler.php(83): Illuminate\\Filesystem\\Filesystem->put('/home/laravel/b...', 'a:3:{s:6:\"_toke...', true)
#3 /home/laravel/blog/vendor/laravel/framework/src/Illuminate/Session/Store.php(129): Illuminate\\Session\\FileSessionHandler->write('HvJa6R20E5w9XIy...', 'a:3:{s:6:\"_toke...')
#4 /home/laravel/blog/vendor/laravel/framework/src/Illuminate/Session/Middleware/StartSession.php(87): Illuminate\\Session\\Store->save()
#5 /home/laravel/blog/vendor/laravel/framework/src/Illuminate/Foundation/Http/Kernel.php(218): Illuminate\\Session\\Middleware\\StartSession->terminate(Object(Illuminate\\Http\\Request), Object(Illuminate\\Http\\Response))
#6 /home/laravel/blog/vendor/laravel/framework/src/Illuminate/Foundation/Http/Kernel.php(189): Illuminate\\Foundation\\Http\\Kernel->terminateMiddleware(Object(Illuminate\\Http\\Request), Object(Illuminate\\Http\\Response))
#7 /home/laravel/blog/public/index.php(60): Illuminate\\Foundation\\Http\\Kernel->terminate(Object(Illuminate\\Http\\Request), Object(Illuminate\\Http\\Response))
#8 {main}
"} 
[2018-10-11 07:01:44] local.ERROR: file_put_contents(/home/laravel/blog/storage/framework/sessions/HvJa6R20E5w9XIyz1dASebvoIsQekoAfqMU09rEX): failed to open stream: Permission denied {"exception":"[object] (ErrorException(code: 0): file_put_contents(/home/laravel/blog/storage/framework/sessions/HvJa6R20E5w9XIyz1dASebvoIsQekoAfqMU09rEX): failed to open stream: Permission denied at /home/laravel/blog/vendor/laravel/framework/src/Illuminate/Filesystem/Filesystem.php:122)
[stacktrace]
#0 [internal function]: Illuminate\\Foundation\\Bootstrap\\HandleExceptions->handleError(2, 'file_put_conten...', '/home/laravel/b...', 122, Array)
#1 /home/laravel/blog/vendor/laravel/framework/src/Illuminate/Filesystem/Filesystem.php(122): file_put_contents('/home/laravel/b...', 'a:3:{s:6:\"_toke...', 2)
#2 /home/laravel/blog/vendor/laravel/framework/src/Illuminate/Session/FileSessionHandler.php(83): Illuminate\\Filesystem\\Filesystem->put('/home/laravel/b...', 'a:3:{s:6:\"_toke...', true)
#3 /home/laravel/blog/vendor/laravel/framework/src/Illuminate/Session/Store.php(129): Illuminate\\Session\\FileSessionHandler->write('HvJa6R20E5w9XIy...', 'a:3:{s:6:\"_toke...')
#4 /home/laravel/blog/vendor/laravel/framework/src/Illuminate/Session/Middleware/StartSession.php(87): Illuminate\\Session\\Store->save()
#5 /home/laravel/blog/vendor/laravel/framework/src/Illuminate/Foundation/Http/Kernel.php(218): Illuminate\\Session\\Middleware\\StartSession->terminate(Object(Illuminate\\Http\\Request), Object(Illuminate\\Http\\Response))
#6 /home/laravel/blog/vendor/laravel/framework/src/Illuminate/Foundation/Http/Kernel.php(189): Illuminate\\Foundation\\Http\\Kernel->terminateMiddleware(Object(Illuminate\\Http\\Request), Object(Illuminate\\Http\\Response))
#7 /home/laravel/blog/public/index.php(60): Illuminate\\Foundation\\Http\\Kernel->terminate(Object(Illuminate\\Http\\Request), Object(Illuminate\\Http\\Response))
#8 {main}
"} 
